[ 2017-09-07T09:43:06+08:00 ] 127.0.0.1 /
INFO: [ app_init ] --START--
INFO: Run Behavior\BuildLiteBehavior [ RunTime:0.000000s ]
INFO: [ app_init ] --END-- [ RunTime:0.010000s ]
INFO: [ app_begin ] --START--
INFO: Run Behavior\ReadHtmlCacheBehavior [ RunTime:0.000000s ]
INFO: [ app_begin ] --END-- [ RunTime:0.000000s ]
INFO: [ view_parse ] --START--
INFO: [ template_filter ] --START--
INFO: Run Behavior\ContentReplaceBehavior [ RunTime:0.000000s ]
INFO: [ template_filter ] --END-- [ RunTime:0.001000s ]
INFO: Run Behavior\ParseTemplateBehavior [ RunTime:0.012001s ]
INFO: [ view_parse ] --END-- [ RunTime:0.012001s ]
INFO: [ view_filter ] --START--
INFO: Run Behavior\WriteHtmlCacheBehavior [ RunTime:0.001000s ]
INFO: [ view_filter ] --END-- [ RunTime:0.001000s ]
INFO: [ app_end ] --START--
INFO: Run Behavior\ShowPageTraceBehavior [ RunTime:0.000000s ]
INFO: [ app_end ] --END-- [ RunTime:0.000000s ]

[ 2017-09-07T09:43:07+08:00 ] 127.0.0.1 /City/init_cities
INFO: [ app_init ] --START--
INFO: Run Behavior\BuildLiteBehavior [ RunTime:0.000000s ]
INFO: [ app_init ] --END-- [ RunTime:0.000000s ]
INFO: [ app_begin ] --START--
INFO: Run Behavior\ReadHtmlCacheBehavior [ RunTime:0.000000s ]
INFO: [ app_begin ] --END-- [ RunTime:0.000000s ]
NOTIC: [2] Missing argument 1 for getUserCitys(), called in D:\WWW\demo\Application\Home\Controller\CityController.class.php on line 18 and defined D:\WWW\demo\Application\Common\Common\common.php 第 3 行.
NOTIC: [8] Undefined variable: type D:\WWW\demo\Application\Common\Common\common.php 第 35 行.
SQL: SHOW COLUMNS FROM `citys` [ RunTime:0.0540s ]
SQL: SELECT `name`,`is_city` FROM `citys` WHERE ( id = 410000 ) LIMIT 1   [ RunTime:0.0230s ]
SQL: SELECT `name`,`pid` FROM `citys` WHERE ( id = 411500 ) LIMIT 1   [ RunTime:0.0010s ]
SQL: SELECT `name`,`pid` FROM `citys` WHERE ( id = 411524 ) LIMIT 1   [ RunTime:0.0000s ]
SQL: SELECT `name`,`id` FROM `citys` WHERE ( pid = 411500 )  [ RunTime:0.0240s ]
SQL: SELECT `name`,`id` FROM `citys` WHERE ( pid = 0 )  [ RunTime:0.0010s ]
SQL: SELECT `name`,`id`,`is_city` FROM `citys` WHERE ( pid = 100001 )  [ RunTime:0.0010s ]
SQL: SELECT `name`,`id`,`is_city` FROM `citys` WHERE ( pid = 100002 )  [ RunTime:0.0010s ]
SQL: SELECT `name`,`id`,`is_city` FROM `citys` WHERE ( pid = 100003 )  [ RunTime:0.0010s ]
SQL: SELECT `name`,`id`,`is_city` FROM `citys` WHERE ( pid = 100004 )  [ RunTime:0.0010s ]
SQL: SELECT `name`,`id`,`is_city` FROM `citys` WHERE ( pid = 100005 )  [ RunTime:0.0010s ]
SQL: SELECT `name`,`id`,`is_city` FROM `citys` WHERE ( pid = 100006 )  [ RunTime:0.0010s ]
SQL: SELECT `name`,`id`,`is_city` FROM `citys` WHERE ( pid = 100007 )  [ RunTime:0.0010s ]
SQL: SELECT `name`,`id` FROM `citys` WHERE ( pid = 410000 )  [ RunTime:0.0010s ]
INFO: [ app_end ] --START--
INFO: Run Behavior\ShowPageTraceBehavior [ RunTime:0.001000s ]
INFO: [ app_end ] --END-- [ RunTime:0.001000s ]

